\BOOKMARK [0][-]{chapter.1}{\376\377\000I\000n\000s\000t\000a\000l\000l\000a\000t\000i\000o\000n}{}% 1
\BOOKMARK [1][-]{section.1.1}{\376\377\000E\000m\000p\000l\000a\000c\000e\000m\000e\000n\000t\000\040\000d\000u\000\040\000p\000r\000o\000g\000r\000a\000m\000m\000e}{chapter.1}% 2
\BOOKMARK [1][-]{section.1.2}{\376\377\000C\000h\000a\000r\000g\000e\000r\000\040\000l\000e\000\040\000r\000\351\000p\000e\000r\000t\000o\000i\000r\000e}{chapter.1}% 3
\BOOKMARK [1][-]{section.1.3}{\376\377\000M\000i\000s\000e\000\040\000e\000n\000\040\000p\000l\000a\000c\000e\000\040\000d\000u\000\040\000p\000H\000\040\000m\000\350\000t\000r\000e}{chapter.1}% 4
\BOOKMARK [1][-]{section.1.4}{\376\377\000D\000\351\000m\000a\000r\000r\000a\000g\000e\000\040\000d\000u\000\040\000p\000r\000o\000g\000r\000a\000m\000m\000e}{chapter.1}% 5
\BOOKMARK [1][-]{section.1.5}{\376\377\000A\000j\000o\000u\000t\000\040\000d\040\031\000u\000n\000\040\000n\000o\000u\000v\000e\000a\000u\000\040\000p\000H\000-\000m\000\350\000t\000r\000e\000\040\000a\000u\000\040\000p\000r\000o\000g\000r\000a\000m\000m\000e}{chapter.1}% 6
\BOOKMARK [2][-]{subsection.1.5.1}{\376\377\000L\000a\000\040\000s\000u\000i\000t\000e}{section.1.5}% 7
\BOOKMARK [0][-]{chapter.2}{\376\377\000C\000a\000l\000i\000b\000r\000a\000t\000i\000o\000n\000\040\000d\000u\000\040\000p\000H\000\040\000m\000\350\000t\000r\000e}{}% 8
\BOOKMARK [1][-]{section.2.1}{\376\377\000P\000r\000\351\000p\000a\000r\000a\000t\000i\000o\000n}{chapter.2}% 9
\BOOKMARK [1][-]{section.2.2}{\376\377\000P\000r\000o\000c\000\351\000d\000u\000r\000e}{chapter.2}% 10
\BOOKMARK [2][-]{subsection.2.2.1}{\376\377\000C\000a\000l\000i\000b\000r\000a\000t\000i\000o\000n\000\040\000\340\000\040\000d\000e\000u\000x\000\040\000s\000o\000l\000u\000t\000i\000o\000n\000s\000\040\000t\000a\000m\000p\000o\000n\000s}{section.2.2}% 11
\BOOKMARK [2][-]{subsection.2.2.2}{\376\377\000C\000a\000l\000i\000b\000r\000a\000t\000i\000o\000n\000\040\000\340\000\040\000t\000r\000o\000i\000s\000\040\000s\000o\000l\000u\000t\000i\000o\000n\000\040\000t\000a\000m\000p\000o\000n\000s}{section.2.2}% 12
\BOOKMARK [2][-]{subsection.2.2.3}{\376\377\000C\000a\000l\000i\000b\000r\000a\000t\000i\000o\000n\000\040\000\340\000\040\000p\000a\000r\000t\000i\000r\000\040\000d\000e\000\040\000d\000o\000n\000n\000\351\000e\000s\000\040\000e\000n\000r\000e\000g\000i\000s\000t\000r\000\351\000e\000s}{section.2.2}% 13
\BOOKMARK [0][-]{chapter.3}{\376\377\000M\000e\000s\000u\000r\000e\000s\000\040\000d\000u\000\040\000p\000H}{}% 14
\BOOKMARK [1][-]{section.3.1}{\376\377\000P\000r\000\351\000p\000a\000r\000a\000t\000i\000o\000n}{chapter.3}% 15
\BOOKMARK [1][-]{section.3.2}{\376\377\000P\000r\000i\000s\000e\000\040\000d\000e\000\040\000m\000e\000s\000u\000r\000e}{chapter.3}% 16
\BOOKMARK [1][-]{section.3.3}{\376\377\000M\000e\000s\000u\000r\000e\000s\000\040\000d\040\031\000A\000l\000c\000a\000l\000i\000n\000i\000t\000\351}{chapter.3}% 17
\BOOKMARK [0][-]{chapter.4}{\376\377\000R\000e\000p\000r\000\351\000s\000e\000n\000t\000a\000t\000i\000o\000n\000\040\000g\000r\000a\000p\000h\000i\000q\000u\000e\000\040\000d\000e\000s\000\040\000d\000o\000n\000n\000\351\000e\000s}{}% 18
\BOOKMARK [0][-]{chapter.5}{\376\377\000D\000o\000c\000u\000m\000e\000n\000t\000a\000t\000i\000o\000n\000\040\000d\000e\000s\000\040\000f\000o\000n\000c\000t\000i\000o\000n\000s}{}% 19
\BOOKMARK [0][-]{section*.16}{\376\377\000I\000n\000d\000e\000x\000\040\000d\000e\000s\000\040\000m\000o\000d\000u\000l\000e\000s\000\040\000P\000y\000t\000h\000o\000n}{}% 20
\BOOKMARK [0][-]{section*.17}{\376\377\000I\000n\000d\000e\000x}{}% 21
